<?xml version="1.0" encoding="UTF-8"?>
<!-- Generated by org.testng.reporters.JUnitReportReporter -->
<testsuite skipped="0" hostname="BLR2AbhinavP1" name="PackageFour.ComparePrices" tests="2" failures="0" timestamp="2019-12-29T22:20:20 IST" time="29.067" errors="0">
  <testcase name="amazoniphonesearch" time="17.175" classname="PackageFour.ComparePrices"/>
  <testcase name="flipkartphonesearch" time="11.892" classname="PackageFour.ComparePrices"/>
</testsuite> <!-- PackageFour.ComparePrices -->
