<?xml version="1.0" encoding="UTF-8"?>
<!-- Generated by org.testng.reporters.JUnitReportReporter -->
<testsuite skipped="0" hostname="BLR2AbhinavP1" name="PackageTwo.TestClubMahindra" tests="1" failures="0" timestamp="2019-12-29T22:12:34 IST" time="20.294" errors="0">
  <testcase name="amazoniphonesearch" time="20.294" classname="PackageTwo.TestClubMahindra"/>
</testsuite> <!-- PackageTwo.TestClubMahindra -->
